<testsuites id="" name="" tests="57" failures="0" skipped="0" errors="0" time="122.47638099999999">
<testsuite name="auth.e2e.test.ts" timestamp="2026-09-17T07:31:35.665Z" hostname="chromium" tests="6" failures="0" skipped="0" time="49.053" errors="0">
<testcase name="End-to-End: Authentication Flow › should redirect unauthenticated user to login page" classname="auth.e2e.test.ts" time="7.905">
</testcase>
<testcase name="End-to-End: Authentication Flow › should display login options with Google and GitHub" classname="auth.e2e.test.ts" time="8.025">
</testcase>
<testcase name="End-to-End: Authentication Flow › should navigate to login page when accessing protected route" classname="auth.e2e.test.ts" time="8.034">
</testcase>
<testcase name="End-to-End: Authentication Flow › should display sign in heading on login page" classname="auth.e2e.test.ts" time="7.998">
</testcase>
<testcase name="Session Management › should maintain login page accessibility" classname="auth.e2e.test.ts" time="8.7">
</testcase>
<testcase name="Session Management › should redirect dashboard access without session" classname="auth.e2e.test.ts" time="8.391">
</testcase>
</testsuite>
<testsuite name="habits.e2e.test.ts" timestamp="2026-09-17T07:31:35.665Z" hostname="chromium" tests="13" failures="0" skipped="0" time="70.521" errors="0">
<testcase name="End-to-End: Habit Management - Authentication Required › Protected Routes › should redirect unauthenticated users from /habits" classname="habits.e2e.test.ts" time="8.546">
</testcase>
<testcase name="End-to-End: Habit Management - Authentication Required › Protected Routes › should redirect unauthenticated users from /habits/new" classname="habits.e2e.test.ts" time="8.369">
</testcase>
<testcase name="End-to-End: Habit Management - Authentication Required › Protected Routes › should show login page with auth providers" classname="habits.e2e.test.ts" time="7.236">
</testcase>
<testcase name="End-to-End: Habit Management - Authentication Required › Habit List Page Structure › should have proper page title" classname="habits.e2e.test.ts" time="6.391">
</testcase>
<testcase name="End-to-End: Habit Management - Authentication Required › Habit List Page Structure › should load login page without errors" classname="habits.e2e.test.ts" time="7.038">
</testcase>
<testcase name="End-to-End: Habit Management - Authentication Required › Authentication Flow Navigation › should maintain redirect loop protection" classname="habits.e2e.test.ts" time="8.346">
</testcase>
<testcase name="End-to-End: Habit Management - Authentication Required › Authentication Flow Navigation › should allow navigation back from login" classname="habits.e2e.test.ts" time="3.722">
</testcase>
<testcase name="End-to-End: Habit Management - Authentication Required › Security Headers › should serve login page with proper status" classname="habits.e2e.test.ts" time="3.061">
</testcase>
<testcase name="End-to-End: Habit Management - Authentication Required › Security Headers › should serve protected route with 200 or redirect" classname="habits.e2e.test.ts" time="3.065">
</testcase>
<testcase name="End-to-End: Habit Management - Authentication Required › Page Load Performance › should load login page within reasonable time" classname="habits.e2e.test.ts" time="3.453">
</testcase>
<testcase name="End-to-End: Habit Management - Authentication Required › Page Load Performance › should handle rapid redirects" classname="habits.e2e.test.ts" time="3.948">
</testcase>
<testcase name="End-to-End: Habit Management - Authentication Required › Login Page Elements › should display both auth provider buttons" classname="habits.e2e.test.ts" time="3.741">
</testcase>
<testcase name="End-to-End: Habit Management - Authentication Required › Login Page Elements › should have accessible login heading" classname="habits.e2e.test.ts" time="3.605">
</testcase>
</testsuite>
<testsuite name="auth.e2e.test.ts" timestamp="2026-09-17T07:31:35.665Z" hostname="firefox" tests="6" failures="0" skipped="0" time="86.011" errors="0">
<testcase name="End-to-End: Authentication Flow › should redirect unauthenticated user to login page" classname="auth.e2e.test.ts" time="21.602">
</testcase>
<testcase name="End-to-End: Authentication Flow › should display login options with Google and GitHub" classname="auth.e2e.test.ts" time="13.075">
</testcase>
<testcase name="End-to-End: Authentication Flow › should navigate to login page when accessing protected route" classname="auth.e2e.test.ts" time="12.269">
</testcase>
<testcase name="End-to-End: Authentication Flow › should display sign in heading on login page" classname="auth.e2e.test.ts" time="16.893">
</testcase>
<testcase name="Session Management › should maintain login page accessibility" classname="auth.e2e.test.ts" time="14.618">
</testcase>
<testcase name="Session Management › should redirect dashboard access without session" classname="auth.e2e.test.ts" time="7.554">
</testcase>
</testsuite>
<testsuite name="habits.e2e.test.ts" timestamp="2026-09-17T07:31:35.665Z" hostname="firefox" tests="13" failures="0" skipped="0" time="81.56" errors="0">
<testcase name="End-to-End: Habit Management - Authentication Required › Protected Routes › should redirect unauthenticated users from /habits" classname="habits.e2e.test.ts" time="3.02">
</testcase>
<testcase name="End-to-End: Habit Management - Authentication Required › Protected Routes › should redirect unauthenticated users from /habits/new" classname="habits.e2e.test.ts" time="6.788">
</testcase>
<testcase name="End-to-End: Habit Management - Authentication Required › Protected Routes › should show login page with auth providers" classname="habits.e2e.test.ts" time="6.702">
</testcase>
<testcase name="End-to-End: Habit Management - Authentication Required › Habit List Page Structure › should have proper page title" classname="habits.e2e.test.ts" time="6.163">
</testcase>
<testcase name="End-to-End: Habit Management - Authentication Required › Habit List Page Structure › should load login page without errors" classname="habits.e2e.test.ts" time="6.731">
</testcase>
<testcase name="End-to-End: Habit Management - Authentication Required › Authentication Flow Navigation › should maintain redirect loop protection" classname="habits.e2e.test.ts" time="8.165">
</testcase>
<testcase name="End-to-End: Habit Management - Authentication Required › Authentication Flow Navigation › should allow navigation back from login" classname="habits.e2e.test.ts" time="5.557">
</testcase>
<testcase name="End-to-End: Habit Management - Authentication Required › Security Headers › should serve login page with proper status" classname="habits.e2e.test.ts" time="5.613">
</testcase>
<testcase name="End-to-End: Habit Management - Authentication Required › Security Headers › should serve protected route with 200 or redirect" classname="habits.e2e.test.ts" time="7.251">
</testcase>
<testcase name="End-to-End: Habit Management - Authentication Required › Page Load Performance › should load login page within reasonable time" classname="habits.e2e.test.ts" time="7.021">
</testcase>
<testcase name="End-to-End: Habit Management - Authentication Required › Page Load Performance › should handle rapid redirects" classname="habits.e2e.test.ts" time="8.81">
</testcase>
<testcase name="End-to-End: Habit Management - Authentication Required › Login Page Elements › should display both auth provider buttons" classname="habits.e2e.test.ts" time="5.42">
</testcase>
<testcase name="End-to-End: Habit Management - Authentication Required › Login Page Elements › should have accessible login heading" classname="habits.e2e.test.ts" time="4.319">
</testcase>
</testsuite>
<testsuite name="auth.e2e.test.ts" timestamp="2026-09-17T07:31:35.665Z" hostname="webkit" tests="6" failures="0" skipped="0" time="45.86" errors="0">
<testcase name="End-to-End: Authentication Flow › should redirect unauthenticated user to login page" classname="auth.e2e.test.ts" time="8.939">
</testcase>
<testcase name="End-to-End: Authentication Flow › should display login options with Google and GitHub" classname="auth.e2e.test.ts" time="8.337">
</testcase>
<testcase name="End-to-End: Authentication Flow › should navigate to login page when accessing protected route" classname="auth.e2e.test.ts" time="7.512">
</testcase>
<testcase name="End-to-End: Authentication Flow › should display sign in heading on login page" classname="auth.e2e.test.ts" time="6.433">
</testcase>
<testcase name="Session Management › should maintain login page accessibility" classname="auth.e2e.test.ts" time="7.673">
</testcase>
<testcase name="Session Management › should redirect dashboard access without session" classname="auth.e2e.test.ts" time="6.966">
</testcase>
</testsuite>
<testsuite name="habits.e2e.test.ts" timestamp="2026-09-17T07:31:35.665Z" hostname="webkit" tests="13" failures="0" skipped="0" time="84.165" errors="0">
<testcase name="End-to-End: Habit Management - Authentication Required › Protected Routes › should redirect unauthenticated users from /habits" classname="habits.e2e.test.ts" time="6.644">
</testcase>
<testcase name="End-to-End: Habit Management - Authentication Required › Protected Routes › should redirect unauthenticated users from /habits/new" classname="habits.e2e.test.ts" time="6.741">
</testcase>
<testcase name="End-to-End: Habit Management - Authentication Required › Protected Routes › should show login page with auth providers" classname="habits.e2e.test.ts" time="6.756">
</testcase>
<testcase name="End-to-End: Habit Management - Authentication Required › Habit List Page Structure › should have proper page title" classname="habits.e2e.test.ts" time="6.832">
</testcase>
<testcase name="End-to-End: Habit Management - Authentication Required › Habit List Page Structure › should load login page without errors" classname="habits.e2e.test.ts" time="5.187">
</testcase>
<testcase name="End-to-End: Habit Management - Authentication Required › Authentication Flow Navigation › should maintain redirect loop protection" classname="habits.e2e.test.ts" time="8.264">
</testcase>
<testcase name="End-to-End: Habit Management - Authentication Required › Authentication Flow Navigation › should allow navigation back from login" classname="habits.e2e.test.ts" time="5.376">
</testcase>
<testcase name="End-to-End: Habit Management - Authentication Required › Security Headers › should serve login page with proper status" classname="habits.e2e.test.ts" time="6.185">
</testcase>
<testcase name="End-to-End: Habit Management - Authentication Required › Security Headers › should serve protected route with 200 or redirect" classname="habits.e2e.test.ts" time="5.718">
</testcase>
<testcase name="End-to-End: Habit Management - Authentication Required › Page Load Performance › should load login page within reasonable time" classname="habits.e2e.test.ts" time="5.78">
</testcase>
<testcase name="End-to-End: Habit Management - Authentication Required › Page Load Performance › should handle rapid redirects" classname="habits.e2e.test.ts" time="8.039">
</testcase>
<testcase name="End-to-End: Habit Management - Authentication Required › Login Page Elements › should display both auth provider buttons" classname="habits.e2e.test.ts" time="6.238">
</testcase>
<testcase name="End-to-End: Habit Management - Authentication Required › Login Page Elements › should have accessible login heading" classname="habits.e2e.test.ts" time="6.405">
</testcase>
</testsuite>
</testsuites>